--------------------------------------------------------------------------------
Release 14.7 Trace  (nt64)
Copyright (c) 1995-2013 Xilinx, Inc.  All rights reserved.

C:\Xilinx\14.7\ISE_DS\ISE\bin\nt64\unwrapped\trce.exe -intstyle ise -v 3 -s 3
-n 3 -fastpaths -xml FirstModule.twx FirstModule.ncd -o FirstModule.twr
FirstModule.pcf

Design file:              FirstModule.ncd
Physical constraint file: FirstModule.pcf
Device,package,speed:     xc7a100t,csg324,C,-3 (PRODUCTION 1.10 2013-10-13)
Report level:             verbose report

Environment Variable      Effect 
--------------------      ------ 
NONE                      No environment variables were set
--------------------------------------------------------------------------------

INFO:Timing:2698 - No timing constraints found, doing default enumeration.
INFO:Timing:3412 - To improve timing, see the Timing Closure User Guide (UG612).
INFO:Timing:2752 - To get complete path coverage, use the unconstrained paths 
   option. All paths that are not constrained will be reported in the 
   unconstrained paths section(s) of the report.
INFO:Timing:3339 - The clock-to-out numbers in this timing report are based on 
   a 50 Ohm transmission line loading model.  For the details of this model, 
   and for more information on accounting for different loading conditions, 
   please see the device datasheet.



Data Sheet report:
-----------------
All values displayed in nanoseconds (ns)

Pad to Pad
---------------+---------------+---------+
Source Pad     |Destination Pad|  Delay  |
---------------+---------------+---------+
a<0>           |cout           |    5.589|
a<0>           |sum<0>         |    5.019|
a<0>           |sum<1>         |    5.440|
a<1>           |cout           |    5.541|
a<1>           |sum<1>         |    5.381|
b<0>           |cout           |    5.550|
b<0>           |sum<0>         |    5.303|
b<0>           |sum<1>         |    5.405|
b<1>           |cout           |    5.544|
b<1>           |sum<1>         |    5.383|
cin            |cout           |    5.300|
cin            |sum<0>         |    4.953|
cin            |sum<1>         |    5.147|
---------------+---------------+---------+


Analysis completed Tue Jun 01 19:02:41 2021 
--------------------------------------------------------------------------------

Trace Settings:
-------------------------
Trace Settings 

Peak Memory Usage: 5003 MB



